<?xml version="1.0" encoding="UTF-8"?>
<testng-results ignored="0" total="6" passed="6" failed="0" skipped="0">
  <reporter-output>
  </reporter-output>
  <suite started-at="2022-06-16T15:47:12 IST" name="Default suite" finished-at="2022-06-16T15:47:29 IST" duration-ms="17538">
    <groups>
    </groups>
    <test started-at="2022-06-16T15:47:12 IST" name="Default test" finished-at="2022-06-16T15:47:29 IST" duration-ms="17538">
      <class name="QuestionNo2Ans.testQuestionNo2Ans">
        <test-method is-config="true" signature="browserInitialization()[pri:0, instance:QuestionNo2Ans.testQuestionNo2Ans@611889f4]" started-at="2022-06-16T15:47:12 IST" name="browserInitialization" finished-at="2022-06-16T15:47:27 IST" duration-ms="15788" status="PASS">
          <reporter-output>
          </reporter-output>
        </test-method> <!-- browserInitialization -->
        <test-method signature="verifyingSignUpCheckBox()[pri:0, instance:QuestionNo2Ans.testQuestionNo2Ans@611889f4]" started-at="2022-06-16T15:47:28 IST" name="verifyingSignUpCheckBox" finished-at="2022-06-16T15:47:28 IST" duration-ms="495" status="PASS">
          <reporter-output>
          </reporter-output>
        </test-method> <!-- verifyingSignUpCheckBox -->
        <test-method signature="verifyingSignUpEmail()[pri:0, instance:QuestionNo2Ans.testQuestionNo2Ans@611889f4]" started-at="2022-06-16T15:47:28 IST" name="verifyingSignUpEmail" finished-at="2022-06-16T15:47:28 IST" duration-ms="184" status="PASS">
          <reporter-output>
          </reporter-output>
        </test-method> <!-- verifyingSignUpEmail -->
        <test-method signature="verifyingSignUpLanguageDropdown()[pri:0, instance:QuestionNo2Ans.testQuestionNo2Ans@611889f4]" started-at="2022-06-16T15:47:28 IST" name="verifyingSignUpLanguageDropdown" finished-at="2022-06-16T15:47:28 IST" duration-ms="204" status="PASS">
          <reporter-output>
          </reporter-output>
        </test-method> <!-- verifyingSignUpLanguageDropdown -->
        <test-method signature="verifyingSignUpOrgName()[pri:0, instance:QuestionNo2Ans.testQuestionNo2Ans@611889f4]" started-at="2022-06-16T15:47:28 IST" name="verifyingSignUpOrgName" finished-at="2022-06-16T15:47:29 IST" duration-ms="142" status="PASS">
          <reporter-output>
          </reporter-output>
        </test-method> <!-- verifyingSignUpOrgName -->
        <test-method signature="verifyingSignUpSignupBtn()[pri:0, instance:QuestionNo2Ans.testQuestionNo2Ans@611889f4]" started-at="2022-06-16T15:47:29 IST" name="verifyingSignUpSignupBtn" finished-at="2022-06-16T15:47:29 IST" duration-ms="59" status="PASS">
          <reporter-output>
          </reporter-output>
        </test-method> <!-- verifyingSignUpSignupBtn -->
        <test-method signature="verifyingSignUpUserName()[pri:0, instance:QuestionNo2Ans.testQuestionNo2Ans@611889f4]" started-at="2022-06-16T15:47:29 IST" name="verifyingSignUpUserName" finished-at="2022-06-16T15:47:29 IST" duration-ms="167" status="PASS">
          <reporter-output>
          </reporter-output>
        </test-method> <!-- verifyingSignUpUserName -->
        <test-method is-config="true" signature="quitBrowser()[pri:0, instance:QuestionNo2Ans.testQuestionNo2Ans@611889f4]" started-at="2022-06-16T15:47:29 IST" name="quitBrowser" finished-at="2022-06-16T15:47:29 IST" duration-ms="412" status="PASS">
          <reporter-output>
          </reporter-output>
        </test-method> <!-- quitBrowser -->
      </class> <!-- QuestionNo2Ans.testQuestionNo2Ans -->
    </test> <!-- Default test -->
  </suite> <!-- Default suite -->
</testng-results>
