<?xml version="1.0" encoding="UTF-8"?>
<!-- Generated by org.testng.reporters.JUnitXMLReporter -->
<testsuite ignored="0" hostname="DESKTOP-9ORSESM" failures="0" tests="6" name="Default test" time="17.538" errors="0" timestamp="2022-06-16T15:47:29 IST">
  <testcase classname="QuestionNo2Ans.testQuestionNo2Ans" name="verifyingSignUpCheckBox" time="0.495"/>
  <testcase classname="QuestionNo2Ans.testQuestionNo2Ans" name="verifyingSignUpEmail" time="0.184"/>
  <testcase classname="QuestionNo2Ans.testQuestionNo2Ans" name="verifyingSignUpLanguageDropdown" time="0.204"/>
  <testcase classname="QuestionNo2Ans.testQuestionNo2Ans" name="verifyingSignUpOrgName" time="0.142"/>
  <testcase classname="QuestionNo2Ans.testQuestionNo2Ans" name="verifyingSignUpSignupBtn" time="0.059"/>
  <testcase classname="QuestionNo2Ans.testQuestionNo2Ans" name="verifyingSignUpUserName" time="0.167"/>
</testsuite> <!-- Default test -->
